Start testing: Nov 24 02:18 CET
----------------------------------------------------------
1/1 Testing: unittest_exe
1/1 Test: unittest_exe
Command: "/home/mourtaza/Documents/C++/TP5_a_finir/Unittests/build/unittest_exe"
Directory: /home/mourtaza/Documents/C++/TP5_a_finir/Unittests/build
"unittest_exe" start time: Nov 24 02:18 CET
Output:
----------------------------------------------------------
[doctest] doctest version is "1.2.9"
[doctest] run with "--help" for options
===============================================================================
[doctest] test cases:      1 |      1 passed |      0 failed |      0 skipped
[doctest] assertions:      4 |      4 passed |      0 failed |
[doctest] Status: SUCCESS!
<end of output>
Test time =   0.00 sec
----------------------------------------------------------
Test Passed.
"unittest_exe" end time: Nov 24 02:18 CET
"unittest_exe" time elapsed: 00:00:00
----------------------------------------------------------

End testing: Nov 24 02:18 CET
